[0m15:05:24.009853 [debug] [MainThread]: Sending event: {'category': 'dbt', 'action': 'invocation', 'label': 'start', 'context': [<snowplow_tracker.self_describing_json.SelfDescribingJson object at 0x0000016461FB5400>, <snowplow_tracker.self_describing_json.SelfDescribingJson object at 0x000001645EC59090>, <snowplow_tracker.self_describing_json.SelfDescribingJson object at 0x000001646288B390>]}


============================== 15:05:24.041795 | fceba381-a214-4021-848a-07f5f11b12c1 ==============================
[0m15:05:24.041795 [info ] [MainThread]: Running with dbt=1.11.5
[0m15:05:24.042392 [debug] [MainThread]: running dbt with arguments {'static_parser': 'True', 'no_print': 'None', 'version_check': 'True', 'warn_error_options': 'WarnErrorOptionsV2(error=[], warn=[], silence=[])', 'target_path': 'None', 'printer_width': '80', 'write_json': 'True', 'introspect': 'True', 'log_cache_events': 'False', 'empty': 'None', 'cache_selected_only': 'False', 'log_format': 'default', 'debug': 'False', 'fail_fast': 'False', 'partial_parse': 'True', 'send_anonymous_usage_stats': 'True', 'quiet': 'False', 'warn_error': 'None', 'profiles_dir': 'C:\\Users\\45255\\.dbt', 'invocation_command': 'dbt init analytics_project', 'indirect_selection': 'eager', 'use_colors': 'True', 'use_experimental_parser': 'False', 'log_path': 'logs'}
[0m15:05:24.126636 [info ] [MainThread]: Creating dbt configuration folder at C:\Users\45255\.dbt
[0m15:05:24.130838 [debug] [MainThread]: Starter project path: C:\Users\45255\analytics-lab\.venv\Lib\site-packages\dbt\include\starter_project
[0m15:05:24.160690 [info ] [MainThread]: 
Your new dbt project "analytics_project" was created!

For more information on how to configure the profiles.yml file,
please consult the dbt documentation here:

  https://docs.getdbt.com/docs/configure-your-profile

One more thing:

Need help? Don't hesitate to reach out to us via GitHub issues or on Slack:

  https://community.getdbt.com/

Happy modeling!

[0m15:05:24.161339 [info ] [MainThread]: Setting up your profile.
[0m15:05:28.466316 [info ] [MainThread]: Profile analytics_project written to C:\Users\45255\.dbt\profiles.yml using target's sample configuration. Once updated, you'll be able to start developing with dbt.
[0m15:05:28.467659 [debug] [MainThread]: Command `dbt init` succeeded at 15:05:28.467539 after 4.57 seconds
[0m15:05:28.467960 [debug] [MainThread]: Sending event: {'category': 'dbt', 'action': 'invocation', 'label': 'end', 'context': [<snowplow_tracker.self_describing_json.SelfDescribingJson object at 0x00000164650ADCD0>, <snowplow_tracker.self_describing_json.SelfDescribingJson object at 0x00000164628E1EB0>, <snowplow_tracker.self_describing_json.SelfDescribingJson object at 0x00000164650A7790>]}
[0m15:05:28.468301 [debug] [MainThread]: Flushing usage events
[0m15:05:29.361616 [debug] [MainThread]: An error was encountered while trying to flush usage events
