[0m15:29:26.242573 [debug] [MainThread]: Sending event: {'category': 'dbt', 'action': 'invocation', 'label': 'start', 'context': [<snowplow_tracker.self_describing_json.SelfDescribingJson object at 0x0000023D747412B0>, <snowplow_tracker.self_describing_json.SelfDescribingJson object at 0x0000023D7253C050>, <snowplow_tracker.self_describing_json.SelfDescribingJson object at 0x0000023D766BBC50>]}


============================== 15:29:26.246707 | 1e3782af-c935-4347-9ccd-1f1bb4b13ff3 ==============================
[0m15:29:26.246707 [info ] [MainThread]: Running with dbt=1.11.5
[0m15:29:26.247300 [debug] [MainThread]: running dbt with arguments {'static_parser': 'True', 'no_print': 'None', 'version_check': 'True', 'warn_error_options': 'WarnErrorOptionsV2(error=[], warn=[], silence=[])', 'target_path': 'None', 'printer_width': '80', 'write_json': 'True', 'introspect': 'True', 'log_cache_events': 'False', 'empty': 'False', 'cache_selected_only': 'False', 'fail_fast': 'False', 'debug': 'False', 'log_format': 'default', 'profiles_dir': 'C:\\Users\\45255\\.dbt', 'send_anonymous_usage_stats': 'True', 'quiet': 'False', 'warn_error': 'None', 'partial_parse': 'True', 'indirect_selection': 'eager', 'use_colors': 'True', 'invocation_command': 'dbt run', 'use_experimental_parser': 'False', 'log_path': 'logs'}
[0m15:29:26.247975 [error] [MainThread]: Encountered an error:
Runtime Error
  No dbt_project.yml found at expected path C:\Users\45255\analytics-lab\dbt_project.yml
  Verify that each entry within packages.yml (and their transitive dependencies) contains a file named dbt_project.yml
  
[0m15:29:26.249151 [debug] [MainThread]: Command `dbt run` failed at 15:29:26.249051 after 0.15 seconds
[0m15:29:26.249433 [debug] [MainThread]: Sending event: {'category': 'dbt', 'action': 'invocation', 'label': 'end', 'context': [<snowplow_tracker.self_describing_json.SelfDescribingJson object at 0x0000023D765F6EA0>, <snowplow_tracker.self_describing_json.SelfDescribingJson object at 0x0000023D766E9FD0>, <snowplow_tracker.self_describing_json.SelfDescribingJson object at 0x0000023D7650B790>]}
[0m15:29:26.249730 [debug] [MainThread]: Flushing usage events
[0m15:29:27.126264 [debug] [MainThread]: An error was encountered while trying to flush usage events
[0m20:23:54.075465 [debug] [MainThread]: Sending event: {'category': 'dbt', 'action': 'invocation', 'label': 'start', 'context': [<snowplow_tracker.self_describing_json.SelfDescribingJson object at 0x00000215BF8412B0>, <snowplow_tracker.self_describing_json.SelfDescribingJson object at 0x00000215BC60C050>, <snowplow_tracker.self_describing_json.SelfDescribingJson object at 0x00000215C17BFC50>]}


============================== 20:23:54.079739 | 2a18c3e8-71c4-4d00-a286-2f4dcc7b4799 ==============================
[0m20:23:54.079739 [info ] [MainThread]: Running with dbt=1.11.5
[0m20:23:54.080344 [debug] [MainThread]: running dbt with arguments {'version_check': 'True', 'no_print': 'None', 'static_parser': 'True', 'target_path': 'None', 'warn_error_options': 'WarnErrorOptionsV2(error=[], warn=[], silence=[])', 'printer_width': '80', 'write_json': 'True', 'introspect': 'True', 'log_cache_events': 'False', 'empty': 'None', 'cache_selected_only': 'False', 'log_format': 'default', 'debug': 'False', 'fail_fast': 'False', 'partial_parse': 'True', 'send_anonymous_usage_stats': 'True', 'quiet': 'False', 'warn_error': 'None', 'profiles_dir': '.', 'use_colors': 'True', 'indirect_selection': 'eager', 'invocation_command': 'dbt test --profiles-dir . --select silver_orders silver_order_lines silver_products silver_refunds gold_fct_sales', 'use_experimental_parser': 'False', 'log_path': 'logs'}
[0m20:23:54.080845 [error] [MainThread]: Encountered an error:
Runtime Error
  No dbt_project.yml found at expected path C:\Users\45255\analytics-lab\dbt_project.yml
  Verify that each entry within packages.yml (and their transitive dependencies) contains a file named dbt_project.yml
  
[0m20:23:54.081971 [debug] [MainThread]: Command `dbt test` failed at 20:23:54.081849 after 0.13 seconds
[0m20:23:54.082345 [debug] [MainThread]: Sending event: {'category': 'dbt', 'action': 'invocation', 'label': 'end', 'context': [<snowplow_tracker.self_describing_json.SelfDescribingJson object at 0x00000215C16F2EA0>, <snowplow_tracker.self_describing_json.SelfDescribingJson object at 0x00000215C17F1FD0>, <snowplow_tracker.self_describing_json.SelfDescribingJson object at 0x00000215C160F790>]}
[0m20:23:54.082649 [debug] [MainThread]: Flushing usage events
[0m20:23:54.954052 [debug] [MainThread]: An error was encountered while trying to flush usage events
[0m14:45:19.445596 [debug] [MainThread]: Sending event: {'category': 'dbt', 'action': 'invocation', 'label': 'start', 'context': [<snowplow_tracker.self_describing_json.SelfDescribingJson object at 0x000001AFA10557F0>, <snowplow_tracker.self_describing_json.SelfDescribingJson object at 0x000001AF9FDC9090>, <snowplow_tracker.self_describing_json.SelfDescribingJson object at 0x000001AFA1D87610>]}


============================== 14:45:19.484123 | a485a90f-5d92-4d6e-a502-1b94764f43b8 ==============================
[0m14:45:19.484123 [info ] [MainThread]: Running with dbt=1.11.5
[0m14:45:19.484818 [debug] [MainThread]: running dbt with arguments {'static_parser': 'True', 'no_print': 'None', 'version_check': 'True', 'target_path': 'None', 'warn_error_options': 'WarnErrorOptionsV2(error=[], warn=[], silence=[])', 'printer_width': '80', 'write_json': 'True', 'introspect': 'True', 'log_cache_events': 'False', 'empty': 'None', 'cache_selected_only': 'False', 'log_format': 'default', 'debug': 'False', 'fail_fast': 'False', 'profiles_dir': '.', 'send_anonymous_usage_stats': 'True', 'quiet': 'False', 'warn_error': 'None', 'partial_parse': 'True', 'indirect_selection': 'eager', 'use_colors': 'True', 'invocation_command': 'dbt deps --profiles-dir .', 'use_experimental_parser': 'False', 'log_path': 'logs'}
[0m14:45:19.485389 [error] [MainThread]: Encountered an error:
Runtime Error
  No dbt_project.yml found at expected path C:\Users\KasperKærgaardPeders\Repositories\analytics-lab\dbt_project.yml
  Verify that each entry within packages.yml (and their transitive dependencies) contains a file named dbt_project.yml
  
[0m14:45:19.486301 [debug] [MainThread]: Command `dbt deps` failed at 14:45:19.486176 after 0.27 seconds
[0m14:45:19.486704 [debug] [MainThread]: Sending event: {'category': 'dbt', 'action': 'invocation', 'label': 'end', 'context': [<snowplow_tracker.self_describing_json.SelfDescribingJson object at 0x000001AFA3514510>, <snowplow_tracker.self_describing_json.SelfDescribingJson object at 0x000001AFA34E1C70>, <snowplow_tracker.self_describing_json.SelfDescribingJson object at 0x000001AFA33F8AF0>]}
[0m14:45:19.487073 [debug] [MainThread]: Flushing usage events
[0m14:45:20.181472 [debug] [MainThread]: An error was encountered while trying to flush usage events
